<testsuite errors="1" failures="1" hostname="localhost:9011" name="AirCon GUI Test Suite" tests="39" time="27.77" timestamp="2016-02-10T12:03:50.614"><testcase classname="unknown:Siesta.Test.ExtJS" name="contractdashboard/main.t.js" time="4.387"></testcase><testcase classname="unknown:Siesta.Test.ExtJS" name="contracteditor/main.t.js" time="7.036"></testcase><testcase classname="unknown:Siesta.Test.ExtJS" name="contracteditor/overview.t.js" time="38.482"></testcase><testcase classname="unknown:Siesta.Test.ExtJS" name="contracteditor/documenttablayout.t.js" time="25.166"></testcase><testcase classname="unknown:Siesta.Test.ExtJS" name="contracteditor/uploaddocument.t.js" time="15.049"></testcase><testcase classname="unknown:Siesta.Test.ExtJS" name="contracteditor/addannex.t.js" time="12.071"></testcase><testcase classname="unknown:Siesta.Test.ExtJS" name="contracteditor/updatedocproperties.t.js" time="13.383"></testcase><testcase classname="unknown:Siesta.Test.ExtJS" name="contracteditor/deletedocuments.t.js" time="10.493"></testcase><testcase classname="unknown:Siesta.Test.ExtJS" name="contracteditor/scopedocument.t.js" time="10.97"></testcase><testcase classname="unknown:Siesta.Test.ExtJS" name="contracteditor/responsibles.t.js" time="14.573"></testcase><testcase classname="unknown:Siesta.Test.ExtJS" name="contracteditor/paymentdocument.t.js" time="27.59"></testcase><testcase classname="unknown:Siesta.Test.ExtJS" name="contracteditor/clauses.t.js" time="24.284"></testcase><testcase classname="unknown:Siesta.Test.ExtJS" name="contracteditor/physicallyarchivedocument.t.js" time="10.528"></testcase><testcase classname="unknown:Siesta.Test.ExtJS" name="contracteditor/physicalarchivetablayout.t.js" time="9.998"></testcase><testcase classname="unknown:Siesta.Test.ExtJS" name="contracteditor/updatephysdata.t.js" time="14.677"></testcase><testcase classname="unknown:Siesta.Test.ExtJS" name="contracteditor/invalidatedocument.t.js" time="14.315"></testcase><testcase classname="unknown:Siesta.Test.ExtJS" name="appframe/sanity.t.js" time="0.006"></testcase><testcase classname="unknown:Siesta.Test.ExtJS" name="customersearch/main.t.js" time="7.517"></testcase><testcase classname="unknown:Siesta.Test.ExtJS" name="customerview/main.t.js" time="1.81"></testcase><testcase classname="unknown:Siesta.Test.ExtJS" name="customerview/overview.t.js" time="3.984"><error type="String">TypeError: 'undefined' is not a function (evaluating 'this.getComponentLayout().getDockedItems('render', beforeBody)') http://localhost:9011/hostpage.html 119681</error></testcase><testcase classname="unknown:Siesta.Test.ExtJS" name="customeredit/main.t.js" time="10.833"></testcase><testcase classname="unknown:Siesta.Test.ExtJS" name="customeredit/updategeneral.t.js" time="20.518"></testcase><testcase classname="unknown:Siesta.Test.ExtJS" name="customeredit/adddebtor.t.js" time="37.714"></testcase><testcase classname="unknown:Siesta.Test.ExtJS" name="customeredit/updatefromwiki.t.js" time="9.172"></testcase><testcase classname="unknown:Siesta.Test.ExtJS" name="customeredit/addnewcontact.t.js" time="16.617"></testcase><testcase classname="unknown:Siesta.Test.ExtJS" name="customeredit/contacts.t.js" time="13.778"></testcase><testcase classname="unknown:Siesta.Test.ExtJS" name="customeredit/deletecontact.t.js" time="11.774"></testcase><testcase classname="unknown:Siesta.Test.ExtJS" name="customeredit/deletecontacts.t.js" time="11.427"></testcase><testcase classname="unknown:Siesta.Test.ExtJS" name="contractadvancedsearch/main.t.js" time="3.754"></testcase><testcase classname="unknown:Siesta.Test.ExtJS" name="contractadvancedsearch/performsearch1.t.js" time="160.515"><failure message="Waited too long for:  target &quot;#contractAdvancedSearchSection form airconselectcombo[name=person] =&gt; .x-form-text&quot; to appear" type="waitForTarget">Failed assertion `waitForTarget` 
Condition was not fullfilled during 30000ms</failure><failure message="The step in `t.chain()` call did not complete within required timeframe, chain can not proceed" type="FAIL">Step number: 22 (1-based)</failure></testcase><testcase classname="unknown:Siesta.Test.ExtJS" name="emailnotification/main.t.js" time="12.953"></testcase><testcase classname="unknown:Siesta.Test.ExtJS" name="emailnotification/update.t.js" time="6.716"></testcase><testcase classname="unknown:Siesta.Test.ExtJS" name="emailnotification/opencontract.t.js" time="6.742"></testcase><testcase classname="unknown:Siesta.Test.ExtJS" name="administration/user/main.t.js" time="4.113"></testcase><testcase classname="unknown:Siesta.Test.ExtJS" name="administration/jobcontrol/main.t.js" time="8.723"></testcase><testcase classname="unknown:Siesta.Test.ExtJS" name="administration/usergroup/main.t.js" time="2.195"></testcase><testcase classname="unknown:Siesta.Test.ExtJS" name="administration/email/main.t.js" time="3.968"></testcase><testcase classname="unknown:Siesta.Test.ExtJS" name="administration/joblog/main.t.js" time="4.379"></testcase><testcase classname="unknown:Siesta.Test.ExtJS" name="administration/jobs/main.t.js" time="3.627"></testcase></testsuite>